0 info it worked if it ends with ok
1 verbose cli [ 'node',
1 verbose cli   '/usr/local/bin/npm',
1 verbose cli   'install',
1 verbose cli   'grunt-contrib-uglify',
1 verbose cli   '--save-dev' ]
2 info using npm@2.0.0-alpha-5
3 info using node@v0.10.30
4 verbose node symlink /usr/local/bin/node
5 warn package.json quickreturn.js@0.0.0 No description
6 warn package.json quickreturn.js@0.0.0 No README data
7 verbose readDependencies using package.json deps
8 verbose cache add [ 'grunt-contrib-uglify', null ]
9 verbose cache add spec="grunt-contrib-uglify" args=["grunt-contrib-uglify",null]
10 verbose parsed spec { raw: 'grunt-contrib-uglify',
10 verbose parsed spec   scope: null,
10 verbose parsed spec   name: 'grunt-contrib-uglify',
10 verbose parsed spec   rawSpec: '',
10 verbose parsed spec   spec: '*',
10 verbose parsed spec   type: 'range' }
11 verbose addNamed [ 'grunt-contrib-uglify', '*' ]
12 verbose addNamed [ null, '*' ]
13 silly lockFile d203f81c-grunt-contrib-uglify grunt-contrib-uglify@*
14 verbose lock grunt-contrib-uglify@* /Users/caiogondim/.npm/d203f81c-grunt-contrib-uglify.lock
15 silly addNameRange { name: 'grunt-contrib-uglify', range: '*', hasData: false }
16 verbose mapToRegistry name grunt-contrib-uglify
17 verbose mapToRegistry uri https://registry.npmjs.org/grunt-contrib-uglify
18 verbose request where is /grunt-contrib-uglify
19 verbose request registry https://registry.npmjs.org/
20 verbose request id 85141aa26504b3ef
21 verbose request url raw /grunt-contrib-uglify
22 verbose request url resolving [ 'https://registry.npmjs.org/', './grunt-contrib-uglify' ]
23 verbose request url resolved https://registry.npmjs.org/grunt-contrib-uglify
24 verbose request where is https://registry.npmjs.org/grunt-contrib-uglify
25 verbose request no basic auth needed
26 info trying registry request attempt 1 at 01:43:39
27 http GET https://registry.npmjs.org/grunt-contrib-uglify
28 info retry will retry, error on last attempt: Error: getaddrinfo ENOTFOUND
29 info trying registry request attempt 2 at 01:44:24
30 http GET https://registry.npmjs.org/grunt-contrib-uglify
31 info retry will retry, error on last attempt: Error: getaddrinfo ENOTFOUND
32 info trying registry request attempt 3 at 01:45:59
33 http GET https://registry.npmjs.org/grunt-contrib-uglify
34 silly lockFile d203f81c-grunt-contrib-uglify grunt-contrib-uglify@*
35 silly lockFile d203f81c-grunt-contrib-uglify grunt-contrib-uglify@*
36 error network getaddrinfo ENOTFOUND
36 error network This is most likely not a problem with npm itself
36 error network and is related to network connectivity.
36 error network In most cases you are behind a proxy or have bad network settings.
36 error network
36 error network If you are behind a proxy, please make sure that the
36 error network 'proxy' config is set properly.  See: 'npm help config'
37 error System Darwin 14.0.0
38 error command "node" "/usr/local/bin/npm" "install" "grunt-contrib-uglify" "--save-dev"
39 error cwd /Users/caiogondim/Code/quickreturn.js
40 error node -v v0.10.30
41 error npm -v 2.0.0-alpha-5
42 error syscall getaddrinfo
43 error code ENOTFOUND
44 error errno ENOTFOUND
45 verbose exit [ 1, true ]
